C:\Users\afuller\source\repos\PaylocityProject\WebAPI\WebAPI\BenefitsCenterClient\dist\out-tsc\e2e\app.po.js
C:\Users\afuller\source\repos\PaylocityProject\WebAPI\WebAPI\BenefitsCenterClient\dist\out-tsc\e2e\app.po.js.map
C:\Users\afuller\source\repos\PaylocityProject\WebAPI\WebAPI\BenefitsCenterClient\dist\out-tsc\e2e\app.e2e-spec.js
C:\Users\afuller\source\repos\PaylocityProject\WebAPI\WebAPI\BenefitsCenterClient\dist\out-tsc\e2e\app.e2e-spec.js.map
C:\Users\afuller\source\repos\PaylocityProject\WebAPI\WebAPI\BenefitsCenterClient\dist\out-tsc\src\app\app.component.js
C:\Users\afuller\source\repos\PaylocityProject\WebAPI\WebAPI\BenefitsCenterClient\dist\out-tsc\src\app\app.component.js.map
C:\Users\afuller\source\repos\PaylocityProject\WebAPI\WebAPI\BenefitsCenterClient\dist\out-tsc\src\app\nav-menu\nav-menu.component.js
C:\Users\afuller\source\repos\PaylocityProject\WebAPI\WebAPI\BenefitsCenterClient\dist\out-tsc\src\app\nav-menu\nav-menu.component.js.map
C:\Users\afuller\source\repos\PaylocityProject\WebAPI\WebAPI\BenefitsCenterClient\dist\out-tsc\src\app\home\home.component.js
C:\Users\afuller\source\repos\PaylocityProject\WebAPI\WebAPI\BenefitsCenterClient\dist\out-tsc\src\app\home\home.component.js.map
C:\Users\afuller\source\repos\PaylocityProject\WebAPI\WebAPI\BenefitsCenterClient\dist\out-tsc\src\app\fetch-data\fetch-data.component.js
C:\Users\afuller\source\repos\PaylocityProject\WebAPI\WebAPI\BenefitsCenterClient\dist\out-tsc\src\app\fetch-data\fetch-data.component.js.map
C:\Users\afuller\source\repos\PaylocityProject\WebAPI\WebAPI\BenefitsCenterClient\dist\out-tsc\src\app\models\address.model.js
C:\Users\afuller\source\repos\PaylocityProject\WebAPI\WebAPI\BenefitsCenterClient\dist\out-tsc\src\app\models\address.model.js.map
C:\Users\afuller\source\repos\PaylocityProject\WebAPI\WebAPI\BenefitsCenterClient\dist\out-tsc\src\app\models\person.model.js
C:\Users\afuller\source\repos\PaylocityProject\WebAPI\WebAPI\BenefitsCenterClient\dist\out-tsc\src\app\models\person.model.js.map
C:\Users\afuller\source\repos\PaylocityProject\WebAPI\WebAPI\BenefitsCenterClient\dist\out-tsc\src\app\models\employee.model.js
C:\Users\afuller\source\repos\PaylocityProject\WebAPI\WebAPI\BenefitsCenterClient\dist\out-tsc\src\app\models\employee.model.js.map
C:\Users\afuller\source\repos\PaylocityProject\WebAPI\WebAPI\BenefitsCenterClient\dist\out-tsc\src\app\models\cost-preview.model.js
C:\Users\afuller\source\repos\PaylocityProject\WebAPI\WebAPI\BenefitsCenterClient\dist\out-tsc\src\app\models\cost-preview.model.js.map
C:\Users\afuller\source\repos\PaylocityProject\WebAPI\WebAPI\BenefitsCenterClient\dist\out-tsc\src\app\services\employee-benefit-cost.service.js
C:\Users\afuller\source\repos\PaylocityProject\WebAPI\WebAPI\BenefitsCenterClient\dist\out-tsc\src\app\services\employee-benefit-cost.service.js.map
C:\Users\afuller\source\repos\PaylocityProject\WebAPI\WebAPI\BenefitsCenterClient\dist\out-tsc\src\app\employee\employee.component.js
C:\Users\afuller\source\repos\PaylocityProject\WebAPI\WebAPI\BenefitsCenterClient\dist\out-tsc\src\app\employee\employee.component.js.map
C:\Users\afuller\source\repos\PaylocityProject\WebAPI\WebAPI\BenefitsCenterClient\dist\out-tsc\src\app\app.module.js
C:\Users\afuller\source\repos\PaylocityProject\WebAPI\WebAPI\BenefitsCenterClient\dist\out-tsc\src\app\app.module.js.map
C:\Users\afuller\source\repos\PaylocityProject\WebAPI\WebAPI\BenefitsCenterClient\dist\out-tsc\src\environments\environment.js
C:\Users\afuller\source\repos\PaylocityProject\WebAPI\WebAPI\BenefitsCenterClient\dist\out-tsc\src\environments\environment.js.map
C:\Users\afuller\source\repos\PaylocityProject\WebAPI\WebAPI\BenefitsCenterClient\dist\out-tsc\src\main.js
C:\Users\afuller\source\repos\PaylocityProject\WebAPI\WebAPI\BenefitsCenterClient\dist\out-tsc\src\main.js.map
C:\Users\afuller\source\repos\PaylocityProject\WebAPI\WebAPI\BenefitsCenterClient\dist\out-tsc\src\polyfills.js
C:\Users\afuller\source\repos\PaylocityProject\WebAPI\WebAPI\BenefitsCenterClient\dist\out-tsc\src\polyfills.js.map
C:\Users\afuller\source\repos\PaylocityProject\WebAPI\WebAPI\BenefitsCenterClient\dist\out-tsc\src\test.js
C:\Users\afuller\source\repos\PaylocityProject\WebAPI\WebAPI\BenefitsCenterClient\dist\out-tsc\src\test.js.map
C:\Users\afuller\source\repos\PaylocityProject\WebAPI\WebAPI\BenefitsCenterClient\dist\out-tsc\src\environments\environment.prod.js
C:\Users\afuller\source\repos\PaylocityProject\WebAPI\WebAPI\BenefitsCenterClient\dist\out-tsc\src\environments\environment.prod.js.map
C:\Users\afuller\source\repos\PaylocityProject\WebAPI\WebAPI\BenefitsCenterClient\dist\out-tsc\src\app\employee\employee.component.spec.js
C:\Users\afuller\source\repos\PaylocityProject\WebAPI\WebAPI\BenefitsCenterClient\dist\out-tsc\src\app\employee\employee.component.spec.js.map
